<?xml version="1.0" encoding="UTF-8"?>
<testng-results skipped="5" failed="0" total="5" passed="0">
  <reporter-output>
  </reporter-output>
  <suite name="Suite" duration-ms="94" started-at="2018-01-11T04:11:25Z" finished-at="2018-01-11T04:11:25Z">
    <groups>
    </groups>
    <test name="Test" duration-ms="94" started-at="2018-01-11T04:11:25Z" finished-at="2018-01-11T04:11:25Z">
      <class name="pack1.test">
        <test-method status="PASS" signature="initiateExtentrepConfig()[pri:0, instance:pack1.test@7cd62f43]" name="initiateExtentrepConfig" is-config="true" duration-ms="327" started-at="2018-01-11T09:41:25Z" finished-at="2018-01-11T09:41:25Z">
          <reporter-output>
          </reporter-output>
        </test-method> <!-- initiateExtentrepConfig -->
        <test-method status="FAIL" signature="beforeClassConfig()[pri:0, instance:pack1.test@7cd62f43]" name="beforeClassConfig" is-config="true" duration-ms="0" started-at="2018-01-11T09:41:25Z" finished-at="2018-01-11T09:41:25Z">
          <exception class="java.lang.IllegalStateException">
            <message>
              <![CDATA[The path to the driver executable must be set by the webdriver.chrome.driver system property; for more information, see https://github.com/SeleniumHQ/selenium/wiki/ChromeDriver. The latest version can be downloaded from http://chromedriver.storage.googleapis.com/index.html]]>
            </message>
            <full-stacktrace>
              <![CDATA[java.lang.IllegalStateException: The path to the driver executable must be set by the webdriver.chrome.driver system property; for more information, see https://github.com/SeleniumHQ/selenium/wiki/ChromeDriver. The latest version can be downloaded from http://chromedriver.storage.googleapis.com/index.html
	at com.google.common.base.Preconditions.checkState(Preconditions.java:199)
	at org.openqa.selenium.remote.service.DriverService.findExecutable(DriverService.java:109)
	at org.openqa.selenium.chrome.ChromeDriverService.access$000(ChromeDriverService.java:32)
	at org.openqa.selenium.chrome.ChromeDriverService$Builder.findDefaultExecutable(ChromeDriverService.java:137)
	at org.openqa.selenium.remote.service.DriverService$Builder.build(DriverService.java:296)
	at org.openqa.selenium.chrome.ChromeDriverService.createDefaultService(ChromeDriverService.java:88)
	at org.openqa.selenium.chrome.ChromeDriver.<init>(ChromeDriver.java:116)
	at com.ecomm.shopclues.genlibraries.BaseClass.beforeClassConfig(BaseClass.java:34)
	at sun.reflect.NativeMethodAccessorImpl.invoke0(Native Method)
	at sun.reflect.NativeMethodAccessorImpl.invoke(NativeMethodAccessorImpl.java:62)
	at sun.reflect.DelegatingMethodAccessorImpl.invoke(DelegatingMethodAccessorImpl.java:43)
	at java.lang.reflect.Method.invoke(Method.java:498)
	at org.testng.internal.MethodInvocationHelper.invokeMethod(MethodInvocationHelper.java:86)
	at org.testng.internal.Invoker.invokeConfigurationMethod(Invoker.java:514)
	at org.testng.internal.Invoker.invokeConfigurations(Invoker.java:215)
	at org.testng.internal.Invoker.invokeConfigurations(Invoker.java:142)
	at org.testng.internal.TestMethodWorker.invokeBeforeClassMethods(TestMethodWorker.java:178)
	at org.testng.internal.TestMethodWorker.run(TestMethodWorker.java:108)
	at org.testng.TestRunner.privateRun(TestRunner.java:782)
	at org.testng.TestRunner.run(TestRunner.java:632)
	at org.testng.SuiteRunner.runTest(SuiteRunner.java:366)
	at org.testng.SuiteRunner.runSequentially(SuiteRunner.java:361)
	at org.testng.SuiteRunner.privateRun(SuiteRunner.java:319)
	at org.testng.SuiteRunner.run(SuiteRunner.java:268)
	at org.testng.SuiteRunnerWorker.runSuite(SuiteRunnerWorker.java:52)
	at org.testng.SuiteRunnerWorker.run(SuiteRunnerWorker.java:86)
	at org.testng.TestNG.runSuitesSequentially(TestNG.java:1244)
	at org.testng.TestNG.runSuitesLocally(TestNG.java:1169)
	at org.testng.TestNG.run(TestNG.java:1064)
	at org.testng.remote.AbstractRemoteTestNG.run(AbstractRemoteTestNG.java:114)
	at org.testng.remote.RemoteTestNG.initAndRun(RemoteTestNG.java:251)
	at org.testng.remote.RemoteTestNG.main(RemoteTestNG.java:77)
]]>
            </full-stacktrace>
          </exception> <!-- java.lang.IllegalStateException -->
          <reporter-output>
          </reporter-output>
        </test-method> <!-- beforeClassConfig -->
        <test-method status="SKIP" signature="test1()[pri:0, instance:pack1.test@7cd62f43]" name="test1" duration-ms="5" started-at="2018-01-11T09:41:25Z" finished-at="2018-01-11T09:41:25Z">
          <reporter-output>
          </reporter-output>
        </test-method> <!-- test1 -->
        <test-method status="SKIP" signature="test1()[pri:0, instance:pack1.test@7cd62f43]" name="test1" duration-ms="3" started-at="2018-01-11T09:41:25Z" finished-at="2018-01-11T09:41:25Z">
          <reporter-output>
          </reporter-output>
        </test-method> <!-- test1 -->
        <test-method status="SKIP" signature="test1()[pri:0, instance:pack1.test@7cd62f43]" name="test1" duration-ms="3" started-at="2018-01-11T09:41:25Z" finished-at="2018-01-11T09:41:25Z">
          <reporter-output>
          </reporter-output>
        </test-method> <!-- test1 -->
        <test-method status="SKIP" signature="test1()[pri:0, instance:pack1.test@7cd62f43]" name="test1" duration-ms="1" started-at="2018-01-11T09:41:25Z" finished-at="2018-01-11T09:41:25Z">
          <reporter-output>
          </reporter-output>
        </test-method> <!-- test1 -->
        <test-method status="SKIP" signature="test1()[pri:0, instance:pack1.test@7cd62f43]" name="test1" duration-ms="1" started-at="2018-01-11T09:41:25Z" finished-at="2018-01-11T09:41:25Z">
          <reporter-output>
          </reporter-output>
        </test-method> <!-- test1 -->
        <test-method status="SKIP" signature="afterClassConfig()[pri:0, instance:pack1.test@7cd62f43]" name="afterClassConfig" is-config="true" duration-ms="0" started-at="2018-01-11T09:41:25Z" finished-at="2018-01-11T09:41:25Z">
          <reporter-output>
          </reporter-output>
        </test-method> <!-- afterClassConfig -->
        <test-method status="SKIP" signature="closeExtentrep()[pri:0, instance:pack1.test@7cd62f43]" name="closeExtentrep" is-config="true" duration-ms="0" started-at="2018-01-11T09:41:25Z" finished-at="2018-01-11T09:41:25Z">
          <reporter-output>
          </reporter-output>
        </test-method> <!-- closeExtentrep -->
      </class> <!-- pack1.test -->
    </test> <!-- Test -->
  </suite> <!-- Suite -->
</testng-results>
